1627338747.906297, Sending: $BPLOG,ACK,ON*1e

1627338747.906297, Sending: $BPLOG,ALL,ON*16

1627338747.918263, Sending: $BPSTS,153227.91,1,BWSI Autonomy OK*4c

1627338748.928947, Sending: $BPSTS,153228.92,1,BWSI Autonomy OK*40

1627338749.927665, Processing: $BFNVG,153225.67,4218.000000,N,07106.000000,W,0,10.0,1.0,45.0,0.0,0.0,153225.67*62
Interpreted as: {'position': (0, 0), 'latlon': (42.3, -71.1), 'heading': 45.0, 'depth': 1.0, 'altitude': 10.0, 'roll': 0.0, 'pitch': 0.0, 'last_fix_time': datetime.datetime(2021, 7, 26, 15, 32, 25), 'datum': (42.3, -71.1)}
1627338749.927665, Processing: $BFNVG,153225.93,4218.000000,N,07106.000000,W,0,10.0,1.0,45.0,0.0,0.0,153225.93*62
Interpreted as: {'position': (0.0, 0.0), 'latlon': (42.3, -71.1), 'heading': 45.0, 'depth': 1.0, 'altitude': 10.0, 'roll': 0.0, 'pitch': 0.0, 'last_fix_time': datetime.datetime(2021, 7, 26, 15, 32, 25), 'datum': (42.3, -71.1)}
1627338749.927665, Processing: $BFNVG,153226.20,4218.000000,N,07106.000000,W,0,10.0,1.0,45.0,0.0,0.0,153226.20*62
Interpreted as: {'position': (0.0, 0.0), 'latlon': (42.3, -71.1), 'heading': 45.0, 'depth': 1.0, 'altitude': 10.0, 'roll': 0.0, 'pitch': 0.0, 'last_fix_time': datetime.datetime(2021, 7, 26, 15, 32, 26), 'datum': (42.3, -71.1)}
1627338749.927665, Processing: $BFNVG,153226.46,4218.000000,N,07106.000000,W,0,10.0,1.0,45.0,0.0,0.0,153226.46*62
Interpreted as: {'position': (0.0, 0.0), 'latlon': (42.3, -71.1), 'heading': 45.0, 'depth': 1.0, 'altitude': 10.0, 'roll': 0.0, 'pitch': 0.0, 'last_fix_time': datetime.datetime(2021, 7, 26, 15, 32, 26), 'datum': (42.3, -71.1)}
1627338749.927665, Processing: $BFNVG,153226.72,4218.000000,N,07106.000000,W,0,10.0,1.0,45.0,0.0,0.0,153226.72*62
Interpreted as: {'position': (0.0, 0.0), 'latlon': (42.3, -71.1), 'heading': 45.0, 'depth': 1.0, 'altitude': 10.0, 'roll': 0.0, 'pitch': 0.0, 'last_fix_time': datetime.datetime(2021, 7, 26, 15, 32, 26), 'datum': (42.3, -71.1)}
1627338749.927665, Processing: $BFNVG,153226.99,4218.000000,N,07106.000000,W,0,10.0,1.0,45.0,0.0,0.0,153226.99*62
Interpreted as: {'position': (0.0, 0.0), 'latlon': (42.3, -71.1), 'heading': 45.0, 'depth': 1.0, 'altitude': 10.0, 'roll': 0.0, 'pitch': 0.0, 'last_fix_time': datetime.datetime(2021, 7, 26, 15, 32, 26), 'datum': (42.3, -71.1)}
1627338749.927665, Processing: $BFNVG,153227.24,4218.000000,N,07106.000000,W,0,10.0,1.0,45.0,0.0,0.0,153227.24*62
Interpreted as: {'position': (0.0, 0.0), 'latlon': (42.3, -71.1), 'heading': 45.0, 'depth': 1.0, 'altitude': 10.0, 'roll': 0.0, 'pitch': 0.0, 'last_fix_time': datetime.datetime(2021, 7, 26, 15, 32, 27), 'datum': (42.3, -71.1)}
1627338749.927665, Processing: $BFNVG,153227.50,4218.000000,N,07106.000000,W,0,10.0,1.0,45.0,0.0,0.0,153227.50*62
Interpreted as: {'position': (0.0, 0.0), 'latlon': (42.3, -71.1), 'heading': 45.0, 'depth': 1.0, 'altitude': 10.0, 'roll': 0.0, 'pitch': 0.0, 'last_fix_time': datetime.datetime(2021, 7, 26, 15, 32, 27), 'datum': (42.3, -71.1)}
1627338750.138852, Sending: $BPSTS,153230.13,1,BWSI Autonomy OK*40

1627338751.281855, Sending: $BPSTS,153231.28,1,BWSI Autonomy OK*49

1627338752.2136714, Processing: $BFNVG,153229.25,4218.000000,N,07106.000000,W,0,10.0,1.0,45.0,0.0,0.0,153229.25*62
Interpreted as: {'position': (0.0, 0.0), 'latlon': (42.3, -71.1), 'heading': 45.0, 'depth': 1.0, 'altitude': 10.0, 'roll': 0.0, 'pitch': 0.0, 'last_fix_time': datetime.datetime(2021, 7, 26, 15, 32, 29), 'datum': (42.3, -71.1)}
1627338752.490995, Sending: $BPRMB,153232.49,,,,750,0,1*77

1627338752.498977, Sending: $BPSTS,153232.49,1,BWSI Autonomy OK*4d

1627338752.506959, Processing: $BFNVG,153230.21,4218.000000,N,07106.000000,W,0,10.0,1.0,45.0,0.0,0.0,153230.21*62
Interpreted as: {'position': (0.0, 0.0), 'latlon': (42.3, -71.1), 'heading': 45.0, 'depth': 1.0, 'altitude': 10.0, 'roll': 0.0, 'pitch': 0.0, 'last_fix_time': datetime.datetime(2021, 7, 26, 15, 32, 30), 'datum': (42.3, -71.1)}
1627338752.506959, Processing: $BFNVG,153230.67,4218.000000,N,07106.000000,W,0,10.0,1.0,45.0,0.0,0.0,153230.67*62
Interpreted as: {'position': (0.0, 0.0), 'latlon': (42.3, -71.1), 'heading': 45.0, 'depth': 1.0, 'altitude': 10.0, 'roll': 0.0, 'pitch': 0.0, 'last_fix_time': datetime.datetime(2021, 7, 26, 15, 32, 30), 'datum': (42.3, -71.1)}
1627338752.506959, Processing: $BFNVG,153231.72,4218.000000,N,07106.000000,W,0,10.0,1.0,45.0,0.0,0.0,153231.72*62
Interpreted as: {'position': (0.0, 0.0), 'latlon': (42.3, -71.1), 'heading': 45.0, 'depth': 1.0, 'altitude': 10.0, 'roll': 0.0, 'pitch': 0.0, 'last_fix_time': datetime.datetime(2021, 7, 26, 15, 32, 31), 'datum': (42.3, -71.1)}
1627338753.712465, Sending: $BPSTS,153233.71,1,BWSI Autonomy OK*47

1627338754.850547, Sending: $BPSTS,153234.85,1,BWSI Autonomy OK*4b

1627338755.968789, Sending: $BPSTS,153235.96,1,BWSI Autonomy OK*48

1627338757.1554542, Processing: $BFNVG,153233.70,4218.000292,N,07105.999625,W,0,10.0,1.0,45.0,0.0,0.0,153233.70*60
Interpreted as: {'position': (0.5285411486402154, 0.527689185924828), 'latlon': (42.30000486666667, -71.09999375), 'heading': 45.0, 'depth': 1.0, 'altitude': 10.0, 'roll': 0.0, 'pitch': 0.0, 'last_fix_time': datetime.datetime(2021, 7, 26, 15, 32, 33), 'datum': (42.3, -71.1)}
1627338757.1554542, Processing: $BFNVG,153234.14,4218.000424,N,07105.999456,W,0,10.0,1.0,45.0,0.0,0.0,153234.14*6D
Interpreted as: {'position': (0.766755512333475, 0.766251272521913), 'latlon': (42.300007066666666, -71.09999093333333), 'heading': 45.0, 'depth': 1.0, 'altitude': 10.0, 'roll': 0.0, 'pitch': 0.0, 'last_fix_time': datetime.datetime(2021, 7, 26, 15, 32, 34), 'datum': (42.3, -71.1)}
1627338757.084354, Sending: $BPSTS,153237.08,1,BWSI Autonomy OK*4d

1627338757.0132537, Processing: $BFNVG,153235.01,4218.000688,N,07105.999118,W,0,10.0,1.0,45.0,0.0,0.0,153235.01*66
Interpreted as: {'position': (1.2431841941433959, 1.2433754717931151), 'latlon': (42.30001146666667, -71.0999853), 'heading': 45.0, 'depth': 1.0, 'altitude': 10.0, 'roll': 0.0, 'pitch': 0.0, 'last_fix_time': datetime.datetime(2021, 7, 26, 15, 32, 35), 'datum': (42.3, -71.1)}
1627338757.0132537, Processing: $BFNVG,153235.38,4218.000800,N,07105.998974,W,0,10.0,1.0,45.0,0.0,0.0,153235.38*6B
Interpreted as: {'position': (1.446138087718282, 1.4457712573930621), 'latlon': (42.30001333333333, -71.0999829), 'heading': 45.0, 'depth': 1.0, 'altitude': 10.0, 'roll': 0.0, 'pitch': 0.0, 'last_fix_time': datetime.datetime(2021, 7, 26, 15, 32, 35), 'datum': (42.3, -71.1)}
1627338758.223395, Sending: $BPSTS,153238.22,1,BWSI Autonomy OK*4a

1627338759.4335365, Processing: $BFNVG,153236.19,4218.001044,N,07105.998661,W,0,10.0,1.0,45.0,0.0,0.0,153236.19*69
Interpreted as: {'position': (1.8873062605271116, 1.8867291742935777), 'latlon': (42.3000174, -71.09997768333334), 'heading': 45.0, 'depth': 1.0, 'altitude': 10.0, 'roll': 0.0, 'pitch': 0.0, 'last_fix_time': datetime.datetime(2021, 7, 26, 15, 32, 36), 'datum': (42.3, -71.1)}
1627338759.4335365, Processing: $BFNVG,153236.61,4218.001169,N,07105.998501,W,0,10.0,1.0,45.0,0.0,0.0,153236.61*62
Interpreted as: {'position': (2.112835917971097, 2.112641567364335), 'latlon': (42.30001948333334, -71.09997501666666), 'heading': 45.0, 'depth': 1.0, 'altitude': 10.0, 'roll': 0.0, 'pitch': 0.0, 'last_fix_time': datetime.datetime(2021, 7, 26, 15, 32, 36), 'datum': (42.3, -71.1)}
1627338759.353492, Sending: $BPSTS,153239.35,1,BWSI Autonomy OK*4d

1627338759.2734475, Processing: $BFNVG,153237.42,4218.001415,N,07105.998186,W,0,10.0,1.0,45.0,0.0,0.0,153237.42*67
Interpreted as: {'position': (2.5568431075662374, 2.557233107276261), 'latlon': (42.300023583333335, -71.09996976666666), 'heading': 45.0, 'depth': 1.0, 'altitude': 10.0, 'roll': 0.0, 'pitch': 0.0, 'last_fix_time': datetime.datetime(2021, 7, 26, 15, 32, 37), 'datum': (42.3, -71.1)}
1627338760.466149, Sending: $BPSTS,153240.46,1,BWSI Autonomy OK*47

1627338761.6588507, Processing: $BFNVG,153238.41,4218.001715,N,07105.997801,W,0,10.0,1.0,45.0,0.0,0.0,153238.41*6D
Interpreted as: {'position': (3.0994880408979952, 3.099389008246362), 'latlon': (42.30002858333334, -71.09996335), 'heading': 45.0, 'depth': 1.0, 'altitude': 10.0, 'roll': 0.0, 'pitch': 0.0, 'last_fix_time': datetime.datetime(2021, 7, 26, 15, 32, 38), 'datum': (42.3, -71.1)}
1627338761.6588507, Processing: $BFNVG,153238.87,4218.001851,N,07105.997626,W,0,10.0,1.0,45.0,0.0,0.0,153238.87*69
Interpreted as: {'position': (3.3461281921481714, 3.345150539651513), 'latlon': (42.30003085, -71.09996043333334), 'heading': 45.0, 'depth': 1.0, 'altitude': 10.0, 'roll': 0.0, 'pitch': 0.0, 'last_fix_time': datetime.datetime(2021, 7, 26, 15, 32, 38), 'datum': (42.3, -71.1)}
1627338761.586996, Sending: $BPSTS,153241.58,1,BWSI Autonomy OK*49

1627338761.5151415, Processing: $BFNVG,153239.77,4218.002123,N,07105.997278,W,0,10.0,1.0,45.0,0.0,0.0,153239.77*69
Interpreted as: {'position': (3.8366606855997816, 3.836741437204182), 'latlon': (42.30003538333333, -71.09995463333334), 'heading': 45.0, 'depth': 1.0, 'altitude': 10.0, 'roll': 0.0, 'pitch': 0.0, 'last_fix_time': datetime.datetime(2021, 7, 26, 15, 32, 39), 'datum': (42.3, -71.1)}
1627338762.712099, Sending: $BPSTS,153242.71,1,BWSI Autonomy OK*41

1627338763.9090567, Processing: $BFNVG,153240.63,4218.002384,N,07105.996943,W,0,10.0,1.0,45.0,0.0,0.0,153240.63*64
Interpreted as: {'position': (4.3088303081458434, 4.308415452949703), 'latlon': (42.300039733333335, -71.09994905), 'heading': 45.0, 'depth': 1.0, 'altitude': 10.0, 'roll': 0.0, 'pitch': 0.0, 'last_fix_time': datetime.datetime(2021, 7, 26, 15, 32, 40), 'datum': (42.3, -71.1)}
1627338763.9090567, Processing: $BFNVG,153241.07,4218.002516,N,07105.996774,W,0,10.0,1.0,45.0,0.0,0.0,153241.07*63
Interpreted as: {'position': (4.5470444185775705, 4.54697766341269), 'latlon': (42.30004193333333, -71.09994623333333), 'heading': 45.0, 'depth': 1.0, 'altitude': 10.0, 'roll': 0.0, 'pitch': 0.0, 'last_fix_time': datetime.datetime(2021, 7, 26, 15, 32, 41), 'datum': (42.3, -71.1)}
1627338763.871133, Sending: $BPSTS,153243.87,1,BWSI Autonomy OK*49

1627338763.8332095, Processing: $BFNVG,153241.88,4218.002760,N,07105.996461,W,0,10.0,1.0,45.0,0.0,0.0,153241.88*67
Interpreted as: {'position': (4.988212204887532, 4.987935765646398), 'latlon': (42.300046, -71.09994101666666), 'heading': 45.0, 'depth': 1.0, 'altitude': 10.0, 'roll': 0.0, 'pitch': 0.0, 'last_fix_time': datetime.datetime(2021, 7, 26, 15, 32, 41), 'datum': (42.3, -71.1)}
1627338765.0503, Sending: $BPSTS,153245.05,1,BWSI Autonomy OK*45

1627338766.2673903, Processing: $BFNVG,153242.72,4218.003015,N,07105.996134,W,0,10.0,1.0,45.0,0.0,0.0,153242.72*66
Interpreted as: {'position': (5.449116618605331, 5.44877690449357), 'latlon': (42.30005025, -71.09993556666667), 'heading': 45.0, 'depth': 1.0, 'altitude': 10.0, 'roll': 0.0, 'pitch': 0.0, 'last_fix_time': datetime.datetime(2021, 7, 26, 15, 32, 42), 'datum': (42.3, -71.1)}
1627338766.2673903, Processing: $BFNVG,153243.16,4218.003147,N,07105.995965,W,0,10.0,1.0,45.0,0.0,0.0,153243.16*6F
Interpreted as: {'position': (5.687330654705875, 5.687339151278138), 'latlon': (42.30005245, -71.09993275), 'heading': 45.0, 'depth': 1.0, 'altitude': 10.0, 'roll': 0.0, 'pitch': 0.0, 'last_fix_time': datetime.datetime(2021, 7, 26, 15, 32, 43), 'datum': (42.3, -71.1)}
1627338766.178708, Sending: $BPSTS,153246.17,1,BWSI Autonomy OK*45

1627338766.090026, Processing: $BFNVG,153243.94,4218.003384,N,07105.995661,W,0,10.0,1.0,45.0,0.0,0.0,153243.94*69
Interpreted as: {'position': (6.1158136985613964, 6.115647576749325), 'latlon': (42.3000564, -71.09992768333333), 'heading': 45.0, 'depth': 1.0, 'altitude': 10.0, 'roll': 0.0, 'pitch': 0.0, 'last_fix_time': datetime.datetime(2021, 7, 26, 15, 32, 43), 'datum': (42.3, -71.1)}
1627338766.090026, Processing: $BFNVG,153244.41,4218.003524,N,07105.995481,W,0,10.0,1.0,45.0,0.0,0.0,153244.41*69
Interpreted as: {'position': (6.369505715731066, 6.3686424773186445), 'latlon': (42.30005873333333, -71.09992468333333), 'heading': 45.0, 'depth': 1.0, 'altitude': 10.0, 'roll': 0.0, 'pitch': 0.0, 'last_fix_time': datetime.datetime(2021, 7, 26, 15, 32, 44), 'datum': (42.3, -71.1)}
1627338767.387658, Sending: $BPSTS,153247.38,1,BWSI Autonomy OK*49

1627338768.6852903, Processing: $BFNVG,153245.32,4218.003800,N,07105.995128,W,0,10.0,1.0,45.0,0.0,0.0,153245.32*64
Interpreted as: {'position': (6.867089869687334, 6.867466846480966), 'latlon': (42.300063333333334, -71.0999188), 'heading': 45.0, 'depth': 1.0, 'altitude': 10.0, 'roll': 0.0, 'pitch': 0.0, 'last_fix_time': datetime.datetime(2021, 7, 26, 15, 32, 45), 'datum': (42.3, -71.1)}
1627338768.496672, Sending: $BPSTS,153248.49,1,BWSI Autonomy OK*40

1627338768.3080535, Processing: $BFNVG,153246.27,4218.004087,N,07105.994760,W,0,10.0,1.0,45.0,0.0,0.0,153246.27*6F
Interpreted as: {'position': (7.385784497135319, 7.386140362359583), 'latlon': (42.300068116666665, -71.09991266666667), 'heading': 45.0, 'depth': 1.0, 'altitude': 10.0, 'roll': 0.0, 'pitch': 0.0, 'last_fix_time': datetime.datetime(2021, 7, 26, 15, 32, 46), 'datum': (42.3, -71.1)}
1627338768.3080535, Processing: $BFNVG,153246.74,4218.004229,N,07105.994577,W,0,10.0,1.0,45.0,0.0,0.0,153246.74*6D
Interpreted as: {'position': (7.643689400982112, 7.642734993249178), 'latlon': (42.300070483333336, -71.09990961666666), 'heading': 45.0, 'depth': 1.0, 'altitude': 10.0, 'roll': 0.0, 'pitch': 0.0, 'last_fix_time': datetime.datetime(2021, 7, 26, 15, 32, 46), 'datum': (42.3, -71.1)}
1627338769.646221, Sending: $BPSTS,153249.64,1,BWSI Autonomy OK*4e

1627338770.9843884, Processing: $BFNVG,153247.58,4218.004481,N,07105.994254,W,0,10.0,1.0,45.0,0.0,0.0,153247.58*6F
Interpreted as: {'position': (8.098960947885644, 8.098159820772707), 'latlon': (42.300074683333335, -71.09990423333333), 'heading': 45.0, 'depth': 1.0, 'altitude': 10.0, 'roll': 0.0, 'pitch': 0.0, 'last_fix_time': datetime.datetime(2021, 7, 26, 15, 32, 47), 'datum': (42.3, -71.1)}
1627338770.9843884, Processing: $BFNVG,153248.01,4218.004613,N,07105.994085,W,0,10.0,1.0,45.0,0.0,0.0,153248.01*68
Interpreted as: {'position': (8.337174804415554, 8.33672215230763), 'latlon': (42.30007688333333, -71.09990141666667), 'heading': 45.0, 'depth': 1.0, 'altitude': 10.0, 'roll': 0.0, 'pitch': 0.0, 'last_fix_time': datetime.datetime(2021, 7, 26, 15, 32, 48), 'datum': (42.3, -71.1)}
1627338770.784574, Sending: $BPSTS,153250.78,1,BWSI Autonomy OK*4b

1627338770.5847597, Processing: $BFNVG,153248.88,4218.004875,N,07105.993749,W,0,10.0,1.0,45.0,0.0,0.0,153248.88*66
Interpreted as: {'position': (8.810763375775423, 8.810213250108063), 'latlon': (42.30008125, -71.09989581666666), 'heading': 45.0, 'depth': 1.0, 'altitude': 10.0, 'roll': 0.0, 'pitch': 0.0, 'last_fix_time': datetime.datetime(2021, 7, 26, 15, 32, 48), 'datum': (42.3, -71.1)}
1627338771.906454, Sending: $BPSTS,153251.90,1,BWSI Autonomy OK*4c

1627338773.2281485, Processing: $BFNVG,153249.67,4218.005113,N,07105.993444,W,0,10.0,1.0,45.0,0.0,0.0,153249.67*60
Interpreted as: {'position': (9.240665589168202, 9.24033865146339), 'latlon': (42.300085216666666, -71.09989073333334), 'heading': 45.0, 'depth': 1.0, 'altitude': 10.0, 'roll': 0.0, 'pitch': 0.0, 'last_fix_time': datetime.datetime(2021, 7, 26, 15, 32, 49), 'datum': (42.3, -71.1)}
1627338773.2281485, Processing: $BFNVG,153250.13,4218.005251,N,07105.993267,W,0,10.0,1.0,45.0,0.0,0.0,153250.13*62
Interpreted as: {'position': (9.490144414827228, 9.489733976311982), 'latlon': (42.300087516666665, -71.09988778333333), 'heading': 45.0, 'depth': 1.0, 'altitude': 10.0, 'roll': 0.0, 'pitch': 0.0, 'last_fix_time': datetime.datetime(2021, 7, 26, 15, 32, 50), 'datum': (42.3, -71.1)}
1627338773.022547, Sending: $BPSTS,153253.02,1,BWSI Autonomy OK*45

1627338772.8169456, Processing: $BFNVG,153250.95,4218.005500,N,07105.992948,W,0,10.0,1.0,45.0,0.0,0.0,153250.95*66
Interpreted as: {'position': (9.939783203182742, 9.939742440357804), 'latlon': (42.30009166666667, -71.09988246666667), 'heading': 45.0, 'depth': 1.0, 'altitude': 10.0, 'roll': 0.0, 'pitch': 0.0, 'last_fix_time': datetime.datetime(2021, 7, 26, 15, 32, 50), 'datum': (42.3, -71.1)}
1627338772.8169456, Processing: $BFNVG,153251.34,4218.005618,N,07105.992797,W,0,10.0,1.0,45.0,0.0,0.0,153251.34*60
Interpreted as: {'position': (10.152627762930933, 10.153005327098072), 'latlon': (42.30009363333333, -71.09987995), 'heading': 45.0, 'depth': 1.0, 'altitude': 10.0, 'roll': 0.0, 'pitch': 0.0, 'last_fix_time': datetime.datetime(2021, 7, 26, 15, 32, 51), 'datum': (42.3, -71.1)}
1627338774.250346, Sending: $BPSTS,153254.25,1,BWSI Autonomy OK*47

1627338775.6837463, Processing: $BFNVG,153252.13,4218.005856,N,07105.992491,W,0,10.0,1.0,45.0,0.0,0.0,153252.13*61
Interpreted as: {'position': (10.58390369382687, 10.583096902817488), 'latlon': (42.3000976, -71.09987485), 'heading': 45.0, 'depth': 1.0, 'altitude': 10.0, 'roll': 0.0, 'pitch': 0.0, 'last_fix_time': datetime.datetime(2021, 7, 26, 15, 32, 52), 'datum': (42.3, -71.1)}
1627338775.371509, Sending: $BPSTS,153255.37,1,BWSI Autonomy OK*45

1627338775.0592718, Processing: $BFNVG,153253.04,4218.006129,N,07105.992141,W,0,10.0,1.0,45.0,0.0,0.0,153253.04*6B
Interpreted as: {'position': (11.077228614827618, 11.076471172273159), 'latlon': (42.30010215, -71.09986901666667), 'heading': 45.0, 'depth': 1.0, 'altitude': 10.0, 'roll': 0.0, 'pitch': 0.0, 'last_fix_time': datetime.datetime(2021, 7, 26, 15, 32, 53), 'datum': (42.3, -71.1)}
1627338775.0592718, Processing: $BFNVG,153253.55,4218.006284,N,07105.991943,W,0,10.0,1.0,45.0,0.0,0.0,153253.55*66
Interpreted as: {'position': (11.35633511497872, 11.356616451404989), 'latlon': (42.300104733333335, -71.09986571666667), 'heading': 45.0, 'depth': 1.0, 'altitude': 10.0, 'roll': 0.0, 'pitch': 0.0, 'last_fix_time': datetime.datetime(2021, 7, 26, 15, 32, 53), 'datum': (42.3, -71.1)}
1627338776.498062, Sending: $BPSTS,153256.49,1,BWSI Autonomy OK*4f

1627338777.936852, Processing: $BFNVG,153254.40,4218.006541,N,07105.991613,W,0,10.0,1.0,45.0,0.0,0.0,153254.40*62
Interpreted as: {'position': (11.82145167212002, 11.821057674475014), 'latlon': (42.30010901666667, -71.09986021666667), 'heading': 45.0, 'depth': 1.0, 'altitude': 10.0, 'roll': 0.0, 'pitch': 0.0, 'last_fix_time': datetime.datetime(2021, 7, 26, 15, 32, 54), 'datum': (42.3, -71.1)}
1627338777.936852, Processing: $BFNVG,153254.81,4218.006666,N,07105.991453,W,0,10.0,1.0,45.0,0.0,0.0,153254.81*62
Interpreted as: {'position': (12.046980701270513, 12.046970372088253), 'latlon': (42.3001111, -71.09985755), 'heading': 45.0, 'depth': 1.0, 'altitude': 10.0, 'roll': 0.0, 'pitch': 0.0, 'last_fix_time': datetime.datetime(2021, 7, 26, 15, 32, 54), 'datum': (42.3, -71.1)}
1627338777.65562, Sending: $BPRMB,153257.65,-15,,,750,0,1*53

1627338777.657613, Sending: $BPSTS,153257.65,1,BWSI Autonomy OK*40

1627338777.659606, Processing: $BFNVG,153255.61,4218.006908,N,07105.991143,W,0,10.0,1.0,45.0,0.0,0.0,153255.61*61
Interpreted as: {'position': (12.483934590127319, 12.484329235740006), 'latlon': (42.300115133333335, -71.09985238333333), 'heading': 45.0, 'depth': 1.0, 'altitude': 10.0, 'roll': 0.0, 'pitch': 0.0, 'last_fix_time': datetime.datetime(2021, 7, 26, 15, 32, 55), 'datum': (42.3, -71.1)}
1627338778.81553, Sending: $BPSTS,153258.81,1,BWSI Autonomy OK*45

1627338779.9714541, Processing: $BFNVG,153256.54,4218.007187,N,07105.990785,W,0,10.0,1.0,45.0,0.0,0.0,153256.54*62
Interpreted as: {'position': (12.988524276006501, 12.988536596298218), 'latlon': (42.300119783333336, -71.09984641666667), 'heading': 45.0, 'depth': 1.0, 'altitude': 10.0, 'roll': 0.0, 'pitch': 0.0, 'last_fix_time': datetime.datetime(2021, 7, 26, 15, 32, 56), 'datum': (42.3, -71.1)}
1627338779.9714541, Processing: $BFNVG,153257.03,4218.007335,N,07105.990594,W,0,10.0,1.0,45.0,0.0,0.0,153257.03*6B
Interpreted as: {'position': (13.257693804509472, 13.255964381620288), 'latlon': (42.30012225, -71.09984323333333), 'heading': 45.0, 'depth': 1.0, 'altitude': 10.0, 'roll': 0.0, 'pitch': 0.0, 'last_fix_time': datetime.datetime(2021, 7, 26, 15, 32, 57), 'datum': (42.3, -71.1)}
1627338780.041485, Sending: $BPSTS,153300.04,1,BWSI Autonomy OK*44

1627338781.241743, Sending: $BPSTS,153301.24,1,BWSI Autonomy OK*47

1627338782.3719702, Processing: $BFNVG,153258.89,4218.007890,N,07105.989866,W,0,10.0,1.0,47.7,0.0,0.0,153258.89*62
Interpreted as: {'position': (14.28322240745183, 14.258420322090387), 'latlon': (42.3001315, -71.0998311), 'heading': 47.7, 'depth': 1.0, 'altitude': 10.0, 'roll': 0.0, 'pitch': 0.0, 'last_fix_time': datetime.datetime(2021, 7, 26, 15, 32, 58), 'datum': (42.3, -71.1)}
1627338782.3719702, Processing: $BFNVG,153259.43,4218.008044,N,07105.989643,W,0,10.0,1.0,49.3,0.0,0.0,153259.43*6F
Interpreted as: {'position': (14.596629909938201, 14.535867467522621), 'latlon': (42.300134066666665, -71.09982738333333), 'heading': 49.3, 'depth': 1.0, 'altitude': 10.0, 'roll': 0.0, 'pitch': 0.0, 'last_fix_time': datetime.datetime(2021, 7, 26, 15, 32, 59), 'datum': (42.3, -71.1)}
1627338782.534466, Sending: $BPSTS,153302.53,1,BWSI Autonomy OK*44

1627338782.6969619, Processing: $BFNVG,153300.40,4218.008308,N,07105.989229,W,0,10.0,1.0,52.0,0.0,0.0,153300.40*65
Interpreted as: {'position': (15.177471379283816, 15.010415993630886), 'latlon': (42.30013846666667, -71.09982048333333), 'heading': 52.0, 'depth': 1.0, 'altitude': 10.0, 'roll': 0.0, 'pitch': 0.0, 'last_fix_time': datetime.datetime(2021, 7, 26, 15, 33), 'datum': (42.3, -71.1)}
1627338783.648451, Sending: $BPSTS,153303.64,1,BWSI Autonomy OK*41

1627338784.5999403, Processing: $BFNVG,153301.27,4218.008532,N,07105.988845,W,0,10.0,1.0,54.5,0.0,0.0,153301.27*68
Interpreted as: {'position': (15.715269742999226, 15.411953742615879), 'latlon': (42.3001422, -71.09981408333333), 'heading': 54.5, 'depth': 1.0, 'altitude': 10.0, 'roll': 0.0, 'pitch': 0.0, 'last_fix_time': datetime.datetime(2021, 7, 26, 15, 33, 1), 'datum': (42.3, -71.1)}
1627338784.5999403, Processing: $BFNVG,153301.77,4218.008654,N,07105.988621,W,0,10.0,1.0,55.9,0.0,0.0,153301.77*6A
Interpreted as: {'position': (16.02858963550534, 15.63014473952353), 'latlon': (42.300144233333334, -71.09981035), 'heading': 55.9, 'depth': 1.0, 'altitude': 10.0, 'roll': 0.0, 'pitch': 0.0, 'last_fix_time': datetime.datetime(2021, 7, 26, 15, 33, 1), 'datum': (42.3, -71.1)}
1627338784.799808, Sending: $BPSTS,153304.79,1,BWSI Autonomy OK*4a

1627338784.9996758, Processing: $BFNVG,153302.64,4218.008858,N,07105.988219,W,0,10.0,1.0,58.3,0.0,0.0,153302.64*60
Interpreted as: {'position': (16.590204319742043, 15.994058372452855), 'latlon': (42.30014763333333, -71.09980365), 'heading': 58.3, 'depth': 1.0, 'altitude': 10.0, 'roll': 0.0, 'pitch': 0.0, 'last_fix_time': datetime.datetime(2021, 7, 26, 15, 33, 2), 'datum': (42.3, -71.1)}
1627338784.9996758, Processing: $BFNVG,153303.07,4218.008955,N,07105.988014,W,0,10.0,1.0,59.5,0.0,0.0,153303.07*64
Interpreted as: {'position': (16.876278807525523, 16.166626112535596), 'latlon': (42.30014925, -71.09980023333334), 'heading': 59.5, 'depth': 1.0, 'altitude': 10.0, 'roll': 0.0, 'pitch': 0.0, 'last_fix_time': datetime.datetime(2021, 7, 26, 15, 33, 3), 'datum': (42.3, -71.1)}
1627338785.899149, Sending: $BPSTS,153305.89,1,BWSI Autonomy OK*44

1627338786.7986221, Processing: $BFNVG,153303.89,4218.009131,N,07105.987616,W,0,10.0,1.0,61.8,0.0,0.0,153303.89*62
Interpreted as: {'position': (17.431119203334674, 16.47885590326041), 'latlon': (42.30015218333333, -71.0997936), 'heading': 61.8, 'depth': 1.0, 'altitude': 10.0, 'roll': 0.0, 'pitch': 0.0, 'last_fix_time': datetime.datetime(2021, 7, 26, 15, 33, 3), 'datum': (42.3, -71.1)}
1627338787.008386, Sending: $BPSTS,153307.00,1,BWSI Autonomy OK*47

1627338787.2181497, Processing: $BFNVG,153304.81,4218.009312,N,07105.987163,W,0,10.0,1.0,64.4,0.0,0.0,153304.81*6D
Interpreted as: {'position': (18.061751089058816, 16.79847462940961), 'latlon': (42.3001552, -71.09978605), 'heading': 64.4, 'depth': 1.0, 'altitude': 10.0, 'roll': 0.0, 'pitch': 0.0, 'last_fix_time': datetime.datetime(2021, 7, 26, 15, 33, 4), 'datum': (42.3, -71.1)}
1627338787.2181497, Processing: $BFNVG,153305.23,4218.009389,N,07105.986953,W,0,10.0,1.0,65.6,0.0,0.0,153305.23*66
Interpreted as: {'position': (18.353781538258772, 16.933858978562057), 'latlon': (42.30015648333333, -71.09978255), 'heading': 65.6, 'depth': 1.0, 'altitude': 10.0, 'roll': 0.0, 'pitch': 0.0, 'last_fix_time': datetime.datetime(2021, 7, 26, 15, 33, 5), 'datum': (42.3, -71.1)}
1627338788.130987, Sending: $BPSTS,153308.13,1,BWSI Autonomy OK*4a

1627338789.0438242, Processing: $BFNVG,153306.15,4218.009549,N,07105.986481,W,0,10.0,1.0,68.2,0.0,0.0,153306.15*67
Interpreted as: {'position': (19.009557976620272, 17.21396901924163), 'latlon': (42.30015915, -71.09977468333334), 'heading': 68.2, 'depth': 1.0, 'altitude': 10.0, 'roll': 0.0, 'pitch': 0.0, 'last_fix_time': datetime.datetime(2021, 7, 26, 15, 33, 6), 'datum': (42.3, -71.1)}
1627338789.221729, Sending: $BPSTS,153309.22,1,BWSI Autonomy OK*49

1627338789.399634, Processing: $BFNVG,153307.08,4218.009694,N,07105.985998,W,0,10.0,1.0,70.8,0.0,0.0,153307.08*61
Interpreted as: {'position': (19.67976199189434, 17.465945749543607), 'latlon': (42.30016156666667, -71.09976663333333), 'heading': 70.8, 'depth': 1.0, 'altitude': 10.0, 'roll': 0.0, 'pitch': 0.0, 'last_fix_time': datetime.datetime(2021, 7, 26, 15, 33, 7), 'datum': (42.3, -71.1)}
1627338789.399634, Processing: $BFNVG,153307.48,4218.009751,N,07105.985784,W,0,10.0,1.0,71.9,0.0,0.0,153307.48*6A
Interpreted as: {'position': (19.976374541060068, 17.564180616289377), 'latlon': (42.30016251666667, -71.09976306666667), 'heading': 71.9, 'depth': 1.0, 'altitude': 10.0, 'roll': 0.0, 'pitch': 0.0, 'last_fix_time': datetime.datetime(2021, 7, 26, 15, 33, 7), 'datum': (42.3, -71.1)}
1627338790.321266, Sending: $BPSTS,153310.32,1,BWSI Autonomy OK*40

1627338791.242898, Processing: $BFNVG,153308.37,4218.009867,N,07105.985310,W,0,10.0,1.0,74.4,0.0,0.0,153308.37*61
Interpreted as: {'position': (20.63288926030509, 17.762792330235243), 'latlon': (42.30016445, -71.09975516666667), 'heading': 74.4, 'depth': 1.0, 'altitude': 10.0, 'roll': 0.0, 'pitch': 0.0, 'last_fix_time': datetime.datetime(2021, 7, 26, 15, 33, 8), 'datum': (42.3, -71.1)}
1627338791.242898, Processing: $BFNVG,153308.76,4218.009913,N,07105.985101,W,0,10.0,1.0,75.5,0.0,0.0,153308.76*61
Interpreted as: {'position': (20.922130065737292, 17.84083907585591), 'latlon': (42.30016521666667, -71.09975168333334), 'heading': 75.5, 'depth': 1.0, 'altitude': 10.0, 'roll': 0.0, 'pitch': 0.0, 'last_fix_time': datetime.datetime(2021, 7, 26, 15, 33, 8), 'datum': (42.3, -71.1)}
1627338791.421188, Sending: $BPSTS,153311.42,1,BWSI Autonomy OK*46

1627338791.5994782, Processing: $BFNVG,153309.56,4218.009998,N,07105.984669,W,0,10.0,1.0,77.8,0.0,0.0,153309.56*65
Interpreted as: {'position': (21.519526259042323, 17.983503103256226), 'latlon': (42.30016663333333, -71.09974448333334), 'heading': 77.8, 'depth': 1.0, 'altitude': 10.0, 'roll': 0.0, 'pitch': 0.0, 'last_fix_time': datetime.datetime(2021, 7, 26, 15, 33, 9), 'datum': (42.3, -71.1)}
1627338792.527204, Sending: $BPSTS,153312.52,1,BWSI Autonomy OK*44

1627338793.4549298, Processing: $BFNVG,153310.38,4218.010072,N,07105.984218,W,0,10.0,1.0,80.1,0.0,0.0,153310.38*63
Interpreted as: {'position': (22.142523740418255, 18.105165399610996), 'latlon': (42.30016786666667, -71.09973696666667), 'heading': 80.1, 'depth': 1.0, 'altitude': 10.0, 'roll': 0.0, 'pitch': 0.0, 'last_fix_time': datetime.datetime(2021, 7, 26, 15, 33, 10), 'datum': (42.3, -71.1)}
1627338793.4549298, Processing: $BFNVG,153310.78,4218.010103,N,07105.983996,W,0,10.0,1.0,81.2,0.0,0.0,153310.78*6C
Interpreted as: {'position': (22.44893990905257, 18.155011038295925), 'latlon': (42.300168383333336, -71.09973326666666), 'heading': 81.2, 'depth': 1.0, 'altitude': 10.0, 'roll': 0.0, 'pitch': 0.0, 'last_fix_time': datetime.datetime(2021, 7, 26, 15, 33, 10), 'datum': (42.3, -71.1)}
1627338793.658329, Sending: $BPSTS,153313.65,1,BWSI Autonomy OK*41

1627338793.8617282, Processing: $BFNVG,153311.65,4218.010159,N,07105.983516,W,0,10.0,1.0,83.7,0.0,0.0,153311.65*60
Interpreted as: {'position': (23.110957768862136, 18.242377746850252), 'latlon': (42.30016931666667, -71.09972526666667), 'heading': 83.7, 'depth': 1.0, 'altitude': 10.0, 'roll': 0.0, 'pitch': 0.0, 'last_fix_time': datetime.datetime(2021, 7, 26, 15, 33, 11), 'datum': (42.3, -71.1)}
1627338794.795338, Sending: $BPSTS,153314.79,1,BWSI Autonomy OK*4b

1627338795.7289476, Processing: $BFNVG,153312.55,4218.010202,N,07105.983012,W,0,10.0,1.0,86.2,0.0,0.0,153312.55*6C
Interpreted as: {'position': (23.80535498005338, 18.304871845059097), 'latlon': (42.30017003333333, -71.09971686666667), 'heading': 86.2, 'depth': 1.0, 'altitude': 10.0, 'roll': 0.0, 'pitch': 0.0, 'last_fix_time': datetime.datetime(2021, 7, 26, 15, 33, 12), 'datum': (42.3, -71.1)}
1627338795.7289476, Processing: $BFNVG,153312.98,4218.010216,N,07105.982770,W,0,10.0,1.0,87.4,0.0,0.0,153312.98*6C
Interpreted as: {'position': (24.13847232388798, 18.322577696293592), 'latlon': (42.30017026666667, -71.09971283333333), 'heading': 87.4, 'depth': 1.0, 'altitude': 10.0, 'roll': 0.0, 'pitch': 0.0, 'last_fix_time': datetime.datetime(2021, 7, 26, 15, 33, 12), 'datum': (42.3, -71.1)}
1627338795.892686, Sending: $BPSTS,153315.89,1,BWSI Autonomy OK*45

1627338797.009524, Sending: $BPSTS,153317.00,1,BWSI Autonomy OK*46

1627338797.962624, Processing: $BFNVG,153314.93,4218.010234,N,07105.981678,W,0,10.0,1.0,92.9,0.0,0.0,153314.93*6F
Interpreted as: {'position': (25.63956700847484, 18.318871148861945), 'latlon': (42.300170566666665, -71.09969463333333), 'heading': 92.9, 'depth': 1.0, 'altitude': 10.0, 'roll': 0.0, 'pitch': 0.0, 'last_fix_time': datetime.datetime(2021, 7, 26, 15, 33, 14), 'datum': (42.3, -71.1)}
1627338797.962624, Processing: $BFNVG,153315.32,4218.010228,N,07105.981460,W,0,10.0,1.0,94.0,0.0,0.0,153315.32*66
Interpreted as: {'position': (25.938798006565776, 18.300376744940877), 'latlon': (42.300170466666664, -71.099691), 'heading': 94.0, 'depth': 1.0, 'altitude': 10.0, 'roll': 0.0, 'pitch': 0.0, 'last_fix_time': datetime.datetime(2021, 7, 26, 15, 33, 15), 'datum': (42.3, -71.1)}
1627338798.181435, Sending: $BPSTS,153318.18,1,BWSI Autonomy OK*40

1627338798.4002461, Processing: $BFNVG,153316.07,4218.010208,N,07105.981036,W,0,10.0,1.0,96.1,0.0,0.0,153316.07*60
Interpreted as: {'position': (26.52040816564113, 18.24898919928819), 'latlon': (42.30017013333333, -71.09968393333334), 'heading': 96.1, 'depth': 1.0, 'altitude': 10.0, 'roll': 0.0, 'pitch': 0.0, 'last_fix_time': datetime.datetime(2021, 7, 26, 15, 33, 16), 'datum': (42.3, -71.1)}
1627338798.4002461, Processing: $BFNVG,153316.48,4218.010193,N,07105.980812,W,0,10.0,1.0,97.3,0.0,0.0,153316.48*6D
Interpreted as: {'position': (26.8274714340223, 18.213635159656405), 'latlon': (42.30016988333333, -71.0996802), 'heading': 97.3, 'depth': 1.0, 'altitude': 10.0, 'roll': 0.0, 'pitch': 0.0, 'last_fix_time': datetime.datetime(2021, 7, 26, 15, 33, 16), 'datum': (42.3, -71.1)}
1627338799.365643, Sending: $BPSTS,153319.36,1,BWSI Autonomy OK*4d

1627338800.33104, Processing: $BFNVG,153317.29,4218.010151,N,07105.980358,W,0,10.0,1.0,99.5,0.0,0.0,153317.29*6E
Interpreted as: {'position': (27.449293255107477, 18.12051535770297), 'latlon': (42.30016918333333, -71.09967263333333), 'heading': 99.5, 'depth': 1.0, 'altitude': 10.0, 'roll': 0.0, 'pitch': 0.0, 'last_fix_time': datetime.datetime(2021, 7, 26, 15, 33, 17), 'datum': (42.3, -71.1)}
1627338800.33104, Processing: $BFNVG,153317.67,4218.010127,N,07105.980144,W,0,10.0,1.0,100.6,0.0,0.0,153317.67*52
Interpreted as: {'position': (27.742206783150323, 18.06884408276528), 'latlon': (42.30016878333333, -71.09966906666666), 'heading': 100.6, 'depth': 1.0, 'altitude': 10.0, 'roll': 0.0, 'pitch': 0.0, 'last_fix_time': datetime.datetime(2021, 7, 26, 15, 33, 17), 'datum': (42.3, -71.1)}
1627338800.536887, Sending: $BPSTS,153320.53,1,BWSI Autonomy OK*44

1627338800.742734, Processing: $BFNVG,153318.60,4218.010057,N,07105.979635,W,0,10.0,1.0,103.2,0.0,0.0,153318.60*54
Interpreted as: {'position': (28.438313197926618, 17.922040368430316), 'latlon': (42.30016761666667, -71.09966058333333), 'heading': 103.2, 'depth': 1.0, 'altitude': 10.0, 'roll': 0.0, 'pitch': 0.0, 'last_fix_time': datetime.datetime(2021, 7, 26, 15, 33, 18), 'datum': (42.3, -71.1)}
1627338801.722406, Sending: $BPSTS,153321.72,1,BWSI Autonomy OK*46

1627338802.7020779, Processing: $BFNVG,153319.37,4218.009985,N,07105.979210,W,0,10.0,1.0,105.4,0.0,0.0,153319.37*59
Interpreted as: {'position': (29.01892270561075, 17.77438288088888), 'latlon': (42.30016641666667, -71.0996535), 'heading': 105.4, 'depth': 1.0, 'altitude': 10.0, 'roll': 0.0, 'pitch': 0.0, 'last_fix_time': datetime.datetime(2021, 7, 26, 15, 33, 19), 'datum': (42.3, -71.1)}
1627338802.7020779, Processing: $BFNVG,153319.79,4218.009941,N,07105.978982,W,0,10.0,1.0,106.6,0.0,0.0,153319.79*51
Interpreted as: {'position': (29.33015723247081, 17.685223137959838), 'latlon': (42.30016568333333, -71.0996497), 'heading': 106.6, 'depth': 1.0, 'altitude': 10.0, 'roll': 0.0, 'pitch': 0.0, 'last_fix_time': datetime.datetime(2021, 7, 26, 15, 33, 19), 'datum': (42.3, -71.1)}
1627338802.848333, Sending: $BPSTS,153322.84,1,BWSI Autonomy OK*4c

1627338802.994588, Processing: $BFNVG,153320.62,4218.009844,N,07105.978538,W,0,10.0,1.0,108.9,0.0,0.0,153320.62*59
Interpreted as: {'position': (29.935728815675247, 17.490654211491346), 'latlon': (42.30016406666667, -71.0996423), 'heading': 108.9, 'depth': 1.0, 'altitude': 10.0, 'roll': 0.0, 'pitch': 0.0, 'last_fix_time': datetime.datetime(2021, 7, 26, 15, 33, 20), 'datum': (42.3, -71.1)}
1627338802.994588, Processing: $BFNVG,153321.07,4218.009786,N,07105.978298,W,0,10.0,1.0,110.2,0.0,0.0,153321.07*57
Interpreted as: {'position': (30.262810578511562, 17.375177960842848), 'latlon': (42.3001631, -71.0996383), 'heading': 110.2, 'depth': 1.0, 'altitude': 10.0, 'roll': 0.0, 'pitch': 0.0, 'last_fix_time': datetime.datetime(2021, 7, 26, 15, 33, 21), 'datum': (42.3, -71.1)}
1627338804.026107, Sending: $BPSTS,153324.02,1,BWSI Autonomy OK*44

1627338805.0576262, Processing: $BFNVG,153321.90,4218.009667,N,07105.977856,W,0,10.0,1.0,112.5,0.0,0.0,153321.90*5B
Interpreted as: {'position': (30.864629843621515, 17.13996157888323), 'latlon': (42.300161116666665, -71.09963093333333), 'heading': 112.5, 'depth': 1.0, 'altitude': 10.0, 'roll': 0.0, 'pitch': 0.0, 'last_fix_time': datetime.datetime(2021, 7, 26, 15, 33, 21), 'datum': (42.3, -71.1)}
1627338805.0576262, Processing: $BFNVG,153322.30,4218.009605,N,07105.977648,W,0,10.0,1.0,113.7,0.0,0.0,153322.30*5D
Interpreted as: {'position': (31.1475649405038, 17.01816735137254), 'latlon': (42.30016008333333, -71.09962746666666), 'heading': 113.7, 'depth': 1.0, 'altitude': 10.0, 'roll': 0.0, 'pitch': 0.0, 'last_fix_time': datetime.datetime(2021, 7, 26, 15, 33, 22), 'datum': (42.3, -71.1)}
1627338805.145278, Sending: $BPSTS,153325.14,1,BWSI Autonomy OK*42

1627338805.2329297, Processing: $BFNVG,153323.13,4218.009468,N,07105.977221,W,0,10.0,1.0,116.0,0.0,0.0,153323.13*5D
Interpreted as: {'position': (31.727954166359268, 16.750146984122694), 'latlon': (42.3001578, -71.09962035), 'heading': 116.0, 'depth': 1.0, 'altitude': 10.0, 'roll': 0.0, 'pitch': 0.0, 'last_fix_time': datetime.datetime(2021, 7, 26, 15, 33, 23), 'datum': (42.3, -71.1)}
1627338805.2329297, Processing: $BFNVG,153323.54,4218.009396,N,07105.977015,W,0,10.0,1.0,117.1,0.0,0.0,153323.54*5E
Interpreted as: {'position': (32.007684896700084, 16.60991362016648), 'latlon': (42.3001566, -71.09961691666666), 'heading': 117.1, 'depth': 1.0, 'altitude': 10.0, 'roll': 0.0, 'pitch': 0.0, 'last_fix_time': datetime.datetime(2021, 7, 26, 15, 33, 23), 'datum': (42.3, -71.1)}
1627338806.249438, Sending: $BPSTS,153326.24,1,BWSI Autonomy OK*42

1627338807.2659464, Processing: $BFNVG,153324.44,4218.009225,N,07105.976562,W,0,10.0,1.0,119.7,0.0,0.0,153324.44*5B
Interpreted as: {'position': (32.62224240676733, 16.278088255785406), 'latlon': (42.30015375, -71.09960936666667), 'heading': 119.7, 'depth': 1.0, 'altitude': 10.0, 'roll': 0.0, 'pitch': 0.0, 'last_fix_time': datetime.datetime(2021, 7, 26, 15, 33, 24), 'datum': (42.3, -71.1)}
1627338807.404875, Sending: $BPSTS,153327.40,1,BWSI Autonomy OK*41

1627338807.5438037, Processing: $BFNVG,153325.29,4218.009050,N,07105.976146,W,0,10.0,1.0,122.1,0.0,0.0,153325.29*57
Interpreted as: {'position': (33.18578388891183, 15.940114407800138), 'latlon': (42.30015083333333, -71.09960243333333), 'heading': 122.1, 'depth': 1.0, 'altitude': 10.0, 'roll': 0.0, 'pitch': 0.0, 'last_fix_time': datetime.datetime(2021, 7, 26, 15, 33, 25), 'datum': (42.3, -71.1)}
1627338807.5438037, Processing: $BFNVG,153325.76,4218.008950,N,07105.975923,W,0,10.0,1.0,123.4,0.0,0.0,153325.76*53
Interpreted as: {'position': (33.48759200621862, 15.747485308907926), 'latlon': (42.300149166666664, -71.09959871666666), 'heading': 123.4, 'depth': 1.0, 'altitude': 10.0, 'roll': 0.0, 'pitch': 0.0, 'last_fix_time': datetime.datetime(2021, 7, 26, 15, 33, 25), 'datum': (42.3, -71.1)}
1627338808.52112, Sending: $BPSTS,153328.52,1,BWSI Autonomy OK*4d

1627338809.4984365, Processing: $BFNVG,153326.70,4218.008734,N,07105.975482,W,0,10.0,1.0,126.0,0.0,0.0,153326.70*58
Interpreted as: {'position': (34.08360828936566, 15.3327854918316), 'latlon': (42.300145566666664, -71.09959136666667), 'heading': 126.0, 'depth': 1.0, 'altitude': 10.0, 'roll': 0.0, 'pitch': 0.0, 'last_fix_time': datetime.datetime(2021, 7, 26, 15, 33, 26), 'datum': (42.3, -71.1)}
1627338809.641741, Sending: $BPSTS,153329.64,1,BWSI Autonomy OK*49

1627338809.7850456, Processing: $BFNVG,153327.58,4218.008519,N,07105.975080,W,0,10.0,1.0,128.5,0.0,0.0,153327.58*58
Interpreted as: {'position': (34.62608911242569, 14.921258460730314), 'latlon': (42.30014198333333, -71.09958466666667), 'heading': 128.5, 'depth': 1.0, 'altitude': 10.0, 'roll': 0.0, 'pitch': 0.0, 'last_fix_time': datetime.datetime(2021, 7, 26, 15, 33, 27), 'datum': (42.3, -71.1)}
1627338809.7850456, Processing: $BFNVG,153328.02,4218.008408,N,07105.974887,W,0,10.0,1.0,129.7,0.0,0.0,153328.02*54
Interpreted as: {'position': (34.886178714223206, 14.70928870793432), 'latlon': (42.300140133333336, -71.09958145), 'heading': 129.7, 'depth': 1.0, 'altitude': 10.0, 'roll': 0.0, 'pitch': 0.0, 'last_fix_time': datetime.datetime(2021, 7, 26, 15, 33, 28), 'datum': (42.3, -71.1)}
1627338810.789064, Sending: $BPSTS,153330.78,1,BWSI Autonomy OK*4c

1627338811.7930822, Processing: $BFNVG,153328.86,4218.008184,N,07105.974522,W,0,10.0,1.0,132.1,0.0,0.0,153328.86*5B
Interpreted as: {'position': (35.37741522374563, 14.282359697856009), 'latlon': (42.3001364, -71.09957536666667), 'heading': 132.1, 'depth': 1.0, 'altitude': 10.0, 'roll': 0.0, 'pitch': 0.0, 'last_fix_time': datetime.datetime(2021, 7, 26, 15, 33, 28), 'datum': (42.3, -71.1)}
1627338811.906411, Sending: $BPSTS,153331.90,1,BWSI Autonomy OK*4b

1627338812.0197396, Processing: $BFNVG,153329.74,4218.007938,N,07105.974152,W,0,10.0,1.0,134.6,0.0,0.0,153329.74*59
Interpreted as: {'position': (35.87451659550425, 13.81454589869827), 'latlon': (42.3001323, -71.0995692), 'heading': 134.6, 'depth': 1.0, 'altitude': 10.0, 'roll': 0.0, 'pitch': 0.0, 'last_fix_time': datetime.datetime(2021, 7, 26, 15, 33, 29), 'datum': (42.3, -71.1)}
1627338812.0197396, Processing: $BFNVG,153330.16,4218.007818,N,07105.973983,W,0,10.0,1.0,135.8,0.0,0.0,153330.16*56
Interpreted as: {'position': (36.10122226271778, 13.586733473464847), 'latlon': (42.3001303, -71.09956638333334), 'heading': 135.8, 'depth': 1.0, 'altitude': 10.0, 'roll': 0.0, 'pitch': 0.0, 'last_fix_time': datetime.datetime(2021, 7, 26, 15, 33, 30), 'datum': (42.3, -71.1)}
1627338813.061825, Sending: $BPSTS,153333.06,1,BWSI Autonomy OK*46

1627338814.1039104, Processing: $BFNVG,153331.03,4218.007558,N,07105.973641,W,0,10.0,1.0,138.2,0.0,0.0,153331.03*59
Interpreted as: {'position': (36.559215901303105, 13.093959114514291), 'latlon': (42.30012596666667, -71.09956068333334), 'heading': 138.2, 'depth': 1.0, 'altitude': 10.0, 'roll': 0.0, 'pitch': 0.0, 'last_fix_time': datetime.datetime(2021, 7, 26, 15, 33, 31), 'datum': (42.3, -71.1)}
1627338814.278261, Sending: $BPSTS,153334.27,1,BWSI Autonomy OK*42

1627338814.4526114, Processing: $BFNVG,153331.93,4218.007279,N,07105.973304,W,0,10.0,1.0,140.8,0.0,0.0,153331.93*5C
Interpreted as: {'position': (37.00947262777481, 12.56619102973491), 'latlon': (42.30012131666667, -71.09955506666667), 'heading': 140.8, 'depth': 1.0, 'altitude': 10.0, 'roll': 0.0, 'pitch': 0.0, 'last_fix_time': datetime.datetime(2021, 7, 26, 15, 33, 31), 'datum': (42.3, -71.1)}
1627338814.4526114, Processing: $BFNVG,153332.43,4218.007120,N,07105.973124,W,0,10.0,1.0,142.2,0.0,0.0,153332.43*5B
Interpreted as: {'position': (37.24951018905267, 12.265828582458198), 'latlon': (42.30011866666667, -71.09955206666666), 'heading': 142.2, 'depth': 1.0, 'altitude': 10.0, 'roll': 0.0, 'pitch': 0.0, 'last_fix_time': datetime.datetime(2021, 7, 26, 15, 33, 32), 'datum': (42.3, -71.1)}
1627338815.438184, Sending: $BPSTS,153335.43,1,BWSI Autonomy OK*41

1627338816.4237566, Processing: $BFNVG,153333.32,4218.006827,N,07105.972817,W,0,10.0,1.0,144.7,0.0,0.0,153333.32*5F
Interpreted as: {'position': (37.65791143185925, 11.713167718611658), 'latlon': (42.30011378333333, -71.09954695), 'heading': 144.7, 'depth': 1.0, 'altitude': 10.0, 'roll': 0.0, 'pitch': 0.0, 'last_fix_time': datetime.datetime(2021, 7, 26, 15, 33, 33), 'datum': (42.3, -71.1)}
1627338816.4237566, Processing: $BFNVG,153333.75,4218.006681,N,07105.972673,W,0,10.0,1.0,145.9,0.0,0.0,153333.75*5E
Interpreted as: {'position': (37.84908307454316, 11.438084673136473), 'latlon': (42.30011135, -71.09954455), 'heading': 145.9, 'depth': 1.0, 'altitude': 10.0, 'roll': 0.0, 'pitch': 0.0, 'last_fix_time': datetime.datetime(2021, 7, 26, 15, 33, 33), 'datum': (42.3, -71.1)}
1627338816.585745, Sending: $BPSTS,153336.58,1,BWSI Autonomy OK*48

1627338816.7477336, Processing: $BFNVG,153334.70,4218.006355,N,07105.972374,W,0,10.0,1.0,148.6,0.0,0.0,153334.70*52
Interpreted as: {'position': (38.244986547273584, 10.824622026644647), 'latlon': (42.300105916666666, -71.09953956666666), 'heading': 148.6, 'depth': 1.0, 'altitude': 10.0, 'roll': 0.0, 'pitch': 0.0, 'last_fix_time': datetime.datetime(2021, 7, 26, 15, 33, 34), 'datum': (42.3, -71.1)}
1627338817.716151, Sending: $BPSTS,153337.71,1,BWSI Autonomy OK*42

1627338818.6845684, Processing: $BFNVG,153335.62,4218.006030,N,07105.972106,W,0,10.0,1.0,151.1,0.0,0.0,153335.62*5A
Interpreted as: {'position': (38.59834554704139, 10.21406092401594), 'latlon': (42.3001005, -71.0995351), 'heading': 151.1, 'depth': 1.0, 'altitude': 10.0, 'roll': 0.0, 'pitch': 0.0, 'last_fix_time': datetime.datetime(2021, 7, 26, 15, 33, 35), 'datum': (42.3, -71.1)}
1627338818.6845684, Processing: $BFNVG,153336.10,4218.005855,N,07105.971971,W,0,10.0,1.0,152.5,0.0,0.0,153336.10*5E
Interpreted as: {'position': (38.77582817163784, 9.885612769052386), 'latlon': (42.30009758333333, -71.09953285), 'heading': 152.5, 'depth': 1.0, 'altitude': 10.0, 'roll': 0.0, 'pitch': 0.0, 'last_fix_time': datetime.datetime(2021, 7, 26, 15, 33, 36), 'datum': (42.3, -71.1)}
1627338818.848485, Sending: $BPSTS,153338.84,1,BWSI Autonomy OK*47

1627338819.0124016, Processing: $BFNVG,153337.03,4218.005510,N,07105.971729,W,0,10.0,1.0,155.1,0.0,0.0,153337.03*52
Interpreted as: {'position': (39.09255320986267, 9.23891908954829), 'latlon': (42.30009183333333, -71.09952881666666), 'heading': 155.1, 'depth': 1.0, 'altitude': 10.0, 'roll': 0.0, 'pitch': 0.0, 'last_fix_time': datetime.datetime(2021, 7, 26, 15, 33, 37), 'datum': (42.3, -71.1)}
1627338819.960258, Sending: $BPSTS,153339.96,1,BWSI Autonomy OK*45

1627338820.9081144, Processing: $BFNVG,153337.91,4218.005180,N,07105.971521,W,0,10.0,1.0,157.6,0.0,0.0,153337.91*50
Interpreted as: {'position': (39.36325138731627, 8.621138393878937), 'latlon': (42.30008633333333, -71.09952535), 'heading': 157.6, 'depth': 1.0, 'altitude': 10.0, 'roll': 0.0, 'pitch': 0.0, 'last_fix_time': datetime.datetime(2021, 7, 26, 15, 33, 37), 'datum': (42.3, -71.1)}
1627338820.9081144, Processing: $BFNVG,153338.34,4218.005015,N,07105.971425,W,0,10.0,1.0,158.8,0.0,0.0,153338.34*59
Interpreted as: {'position': (39.48760947061237, 8.312519228085876), 'latlon': (42.30008358333333, -71.09952375), 'heading': 158.8, 'depth': 1.0, 'altitude': 10.0, 'roll': 0.0, 'pitch': 0.0, 'last_fix_time': datetime.datetime(2021, 7, 26, 15, 33, 38), 'datum': (42.3, -71.1)}
1627338821.049743, Sending: $BPSTS,153341.04,1,BWSI Autonomy OK*41

1627338821.1913714, Processing: $BFNVG,153339.26,4218.004656,N,07105.971237,W,0,10.0,1.0,161.4,0.0,0.0,153339.26*5A
Interpreted as: {'position': (39.72950597293675, 7.6417462807148695), 'latlon': (42.3000776, -71.09952061666667), 'heading': 161.4, 'depth': 1.0, 'altitude': 10.0, 'roll': 0.0, 'pitch': 0.0, 'last_fix_time': datetime.datetime(2021, 7, 26, 15, 33, 39), 'datum': (42.3, -71.1)}
1627338822.168268, Sending: $BPSTS,153342.16,1,BWSI Autonomy OK*41

1627338823.1451645, Processing: $BFNVG,153340.06,4218.004341,N,07105.971091,W,0,10.0,1.0,163.7,0.0,0.0,153340.06*56
Interpreted as: {'position': (39.91570875234902, 7.053827699273825), 'latlon': (42.30007235, -71.09951818333333), 'heading': 163.7, 'depth': 1.0, 'altitude': 10.0, 'roll': 0.0, 'pitch': 0.0, 'last_fix_time': datetime.datetime(2021, 7, 26, 15, 33, 40), 'datum': (42.3, -71.1)}
1627338823.1451645, Processing: $BFNVG,153340.48,4218.004175,N,07105.971022,W,0,10.0,1.0,164.8,0.0,0.0,153340.48*53
Interpreted as: {'position': (40.00292651820928, 6.744273075833917), 'latlon': (42.30006958333333, -71.09951703333333), 'heading': 164.8, 'depth': 1.0, 'altitude': 10.0, 'roll': 0.0, 'pitch': 0.0, 'last_fix_time': datetime.datetime(2021, 7, 26, 15, 33, 40), 'datum': (42.3, -71.1)}
1627338823.325744, Sending: $BPSTS,153343.32,1,BWSI Autonomy OK*46

1627338823.5063233, Processing: $BFNVG,153341.25,4218.003863,N,07105.970906,W,0,10.0,1.0,167.0,0.0,0.0,153341.25*5F
Interpreted as: {'position': (40.148049981566146, 6.162923510186374), 'latlon': (42.300064383333336, -71.0995151), 'heading': 167.0, 'depth': 1.0, 'altitude': 10.0, 'roll': 0.0, 'pitch': 0.0, 'last_fix_time': datetime.datetime(2021, 7, 26, 15, 33, 41), 'datum': (42.3, -71.1)}
1627338823.5063233, Processing: $BFNVG,153341.71,4218.003679,N,07105.970845,W,0,10.0,1.0,168.3,0.0,0.0,153341.71*50
Interpreted as: {'position': (40.22345483611571, 5.820327519439161), 'latlon': (42.300061316666664, -71.09951408333333), 'heading': 168.3, 'depth': 1.0, 'altitude': 10.0, 'roll': 0.0, 'pitch': 0.0, 'last_fix_time': datetime.datetime(2021, 7, 26, 15, 33, 41), 'datum': (42.3, -71.1)}
1627338824.447916, Sending: $BPSTS,153344.44,1,BWSI Autonomy OK*40

1627338825.3885107, Processing: $BFNVG,153342.53,4218.003343,N,07105.970749,W,0,10.0,1.0,170.6,0.0,0.0,153342.53*53
Interpreted as: {'position': (40.34000489517348, 5.195239176042378), 'latlon': (42.30005571666667, -71.09951248333333), 'heading': 170.6, 'depth': 1.0, 'altitude': 10.0, 'roll': 0.0, 'pitch': 0.0, 'last_fix_time': datetime.datetime(2021, 7, 26, 15, 33, 42), 'datum': (42.3, -71.1)}
1627338825.3885107, Processing: $BFNVG,153342.90,4218.003191,N,07105.970712,W,0,10.0,1.0,171.7,0.0,0.0,153342.90*50
Interpreted as: {'position': (40.38389785448089, 4.912679026834667), 'latlon': (42.30005318333333, -71.09951186666666), 'heading': 171.7, 'depth': 1.0, 'altitude': 10.0, 'roll': 0.0, 'pitch': 0.0, 'last_fix_time': datetime.datetime(2021, 7, 26, 15, 33, 42), 'datum': (42.3, -71.1)}
1627338825.56942, Sending: $BPSTS,153345.56,1,BWSI Autonomy OK*42

1627338825.7503295, Processing: $BFNVG,153343.58,4218.002912,N,07105.970654,W,0,10.0,1.0,173.6,0.0,0.0,153343.58*52
Interpreted as: {'position': (40.450843261845876, 4.394368510693312), 'latlon': (42.30004853333333, -71.0995109), 'heading': 173.6, 'depth': 1.0, 'altitude': 10.0, 'roll': 0.0, 'pitch': 0.0, 'last_fix_time': datetime.datetime(2021, 7, 26, 15, 33, 43), 'datum': (42.3, -71.1)}
1627338825.7503295, Processing: $BFNVG,153343.91,4218.002776,N,07105.970630,W,0,10.0,1.0,174.5,0.0,0.0,153343.91*58
Interpreted as: {'position': (40.4776063907193, 4.1418601796031), 'latlon': (42.30004626666667, -71.0995105), 'heading': 174.5, 'depth': 1.0, 'altitude': 10.0, 'roll': 0.0, 'pitch': 0.0, 'last_fix_time': datetime.datetime(2021, 7, 26, 15, 33, 43), 'datum': (42.3, -71.1)}
1627338826.706186, Sending: $BPSTS,153346.70,1,BWSI Autonomy OK*45

1627338827.6620426, Processing: $BFNVG,153344.58,4218.002500,N,07105.970591,W,0,10.0,1.0,176.4,0.0,0.0,153344.58*50
Interpreted as: {'position': (40.51858510065358, 3.629745801910758), 'latlon': (42.300041666666665, -71.09950985), 'heading': 176.4, 'depth': 1.0, 'altitude': 10.0, 'roll': 0.0, 'pitch': 0.0, 'last_fix_time': datetime.datetime(2021, 7, 26, 15, 33, 44), 'datum': (42.3, -71.1)}
1627338827.6620426, Processing: $BFNVG,153344.89,4218.002371,N,07105.970577,W,0,10.0,1.0,177.2,0.0,0.0,153344.89*5F
Interpreted as: {'position': (40.53192908014171, 3.3905313201248646), 'latlon': (42.300039516666665, -71.09950961666667), 'heading': 177.2, 'depth': 1.0, 'altitude': 10.0, 'roll': 0.0, 'pitch': 0.0, 'last_fix_time': datetime.datetime(2021, 7, 26, 15, 33, 44), 'datum': (42.3, -71.1)}
1627338827.6620426, Processing: $BFNVG,153345.21,4218.002237,N,07105.970565,W,0,10.0,1.0,178.1,0.0,0.0,153345.21*53
Interpreted as: {'position': (40.54229699395364, 3.1421311488375068), 'latlon': (42.30003728333333, -71.09950941666666), 'heading': 178.1, 'depth': 1.0, 'altitude': 10.0, 'roll': 0.0, 'pitch': 0.0, 'last_fix_time': datetime.datetime(2021, 7, 26, 15, 33, 45), 'datum': (42.3, -71.1)}
1627338827.821664, Sending: $BPSTS,153347.82,1,BWSI Autonomy OK*49

1627338827.9812856, Processing: $BFNVG,153345.90,4218.001949,N,07105.970550,W,0,10.0,1.0,180.1,0.0,0.0,153345.90*53
Interpreted as: {'position': (40.54975468793418, 2.6086219381541014), 'latlon': (42.30003248333333, -71.09950916666666), 'heading': 180.1, 'depth': 1.0, 'altitude': 10.0, 'roll': 0.0, 'pitch': 0.0, 'last_fix_time': datetime.datetime(2021, 7, 26, 15, 33, 45), 'datum': (42.3, -71.1)}
1627338827.9812856, Processing: $BFNVG,153346.24,4218.001807,N,07105.970547,W,0,10.0,1.0,181.1,0.0,0.0,153346.24*5F
Interpreted as: {'position': (40.547392400272656, 2.3457212653011084), 'latlon': (42.30003011666667, -71.09950911666667), 'heading': 181.1, 'depth': 1.0, 'altitude': 10.0, 'roll': 0.0, 'pitch': 0.0, 'last_fix_time': datetime.datetime(2021, 7, 26, 15, 33, 46), 'datum': (42.3, -71.1)}
1627338828.929463, Sending: $BPSTS,153348.92,1,BWSI Autonomy OK*47

1627338829.8776402, Processing: $BFNVG,153346.93,4218.001519,N,07105.970551,W,0,10.0,1.0,183.0,0.0,0.0,153346.93*59
Interpreted as: {'position': (40.52874639304355, 1.8128561014309525), 'latlon': (42.30002531666667, -71.09950918333334), 'heading': 183.0, 'depth': 1.0, 'altitude': 10.0, 'roll': 0.0, 'pitch': 0.0, 'last_fix_time': datetime.datetime(2021, 7, 26, 15, 33, 46), 'datum': (42.3, -71.1)}
1627338829.8776402, Processing: $BFNVG,153347.25,4218.001385,N,07105.970558,W,0,10.0,1.0,183.9,0.0,0.0,153347.25*5A
Interpreted as: {'position': (40.51301060960395, 1.5650999750941992), 'latlon': (42.300023083333336, -71.0995093), 'heading': 183.9, 'depth': 1.0, 'altitude': 10.0, 'roll': 0.0, 'pitch': 0.0, 'last_fix_time': datetime.datetime(2021, 7, 26, 15, 33, 47), 'datum': (42.3, -71.1)}
1627338830.033729, Sending: $BPSTS,153350.03,1,BWSI Autonomy OK*46

1627338830.189818, Processing: $BFNVG,153347.89,4218.001119,N,07105.970579,W,0,10.0,1.0,185.7,0.0,0.0,153347.89*56
Interpreted as: {'position': (40.472013200458605, 1.0735263964161277), 'latlon': (42.30001865, -71.09950965), 'heading': 185.7, 'depth': 1.0, 'altitude': 10.0, 'roll': 0.0, 'pitch': 0.0, 'last_fix_time': datetime.datetime(2021, 7, 26, 15, 33, 47), 'datum': (42.3, -71.1)}
1627338830.189818, Processing: $BFNVG,153348.22,4218.000983,N,07105.970594,W,0,10.0,1.0,186.6,0.0,0.0,153348.22*5D
Interpreted as: {'position': (40.445195055159274, 0.8223400544375181), 'latlon': (42.300016383333336, -71.0995099), 'heading': 186.6, 'depth': 1.0, 'altitude': 10.0, 'roll': 0.0, 'pitch': 0.0, 'last_fix_time': datetime.datetime(2021, 7, 26, 15, 33, 48), 'datum': (42.3, -71.1)}
1627338830.189818, Processing: $BFNVG,153348.56,4218.000840,N,07105.970613,W,0,10.0,1.0,187.6,0.0,0.0,153348.56*5E
Interpreted as: {'position': (40.41256176074967, 0.5583344213664532), 'latlon': (42.300014, -71.09951021666667), 'heading': 187.6, 'depth': 1.0, 'altitude': 10.0, 'roll': 0.0, 'pitch': 0.0, 'last_fix_time': datetime.datetime(2021, 7, 26, 15, 33, 48), 'datum': (42.3, -71.1)}
1627338831.185931, Sending: $BPSTS,153351.18,1,BWSI Autonomy OK*4d

1627338832.182044, Processing: $BFNVG,153349.21,4218.000574,N,07105.970658,W,0,10.0,1.0,189.4,0.0,0.0,153349.21*57
Interpreted as: {'position': (40.33859123906586, 0.06757437437772751), 'latlon': (42.30000956666667, -71.09951096666667), 'heading': 189.4, 'depth': 1.0, 'altitude': 10.0, 'roll': 0.0, 'pitch': 0.0, 'last_fix_time': datetime.datetime(2021, 7, 26, 15, 33, 49), 'datum': (42.3, -71.1)}
1627338832.182044, Processing: $BFNVG,153349.58,4218.000422,N,07105.970688,W,0,10.0,1.0,190.4,0.0,0.0,153349.58*50
Interpreted as: {'position': (40.2904343084665, -0.21271466370671988), 'latlon': (42.30000703333333, -71.09951146666667), 'heading': 190.4, 'depth': 1.0, 'altitude': 10.0, 'roll': 0.0, 'pitch': 0.0, 'last_fix_time': datetime.datetime(2021, 7, 26, 15, 33, 49), 'datum': (42.3, -71.1)}
